<?xml version="1.0" encoding="UTF-8"?>
<testng-results ignored="0" total="2" passed="2" failed="0" skipped="0">
  <reporter-output>
  </reporter-output>
  <suite started-at="2023-06-20T01:26:47 IST" name="Suite" finished-at="2023-06-20T01:27:22 IST" duration-ms="34715">
    <groups>
      <group name="cucumber">
        <method signature="AbstractTestNGCucumberTests.runScenario(io.cucumber.testng.PickleWrapper,io.cucumber.testng.FeatureWrapper)[pri:0, instance:runners.CucumberRunnerTest@747ddf94]" name="runScenario" class="io.cucumber.testng.AbstractTestNGCucumberTests"/>
      </group> <!-- cucumber -->
    </groups>
    <test started-at="2023-06-20T01:26:47 IST" name="Test" finished-at="2023-06-20T01:27:22 IST" duration-ms="34715">
      <class name="runners.CucumberRunnerTest">
        <test-method is-config="true" signature="setUpClass(org.testng.ITestContext)[pri:0, instance:runners.CucumberRunnerTest@747ddf94]" started-at="2023-06-20T01:26:47 IST" name="setUpClass" finished-at="2023-06-20T01:26:48 IST" duration-ms="1345" status="PASS">
          <params>
            <param index="0">
              <value>
                <![CDATA[org.testng.TestRunner@38e79ae3]]>
              </value>
            </param>
          </params>
          <reporter-output>
          </reporter-output>
        </test-method> <!-- setUpClass -->
        <test-method signature="runScenario(io.cucumber.testng.PickleWrapper,io.cucumber.testng.FeatureWrapper)[pri:0, instance:runners.CucumberRunnerTest@747ddf94]" started-at="2023-06-20T01:26:48 IST" name="runScenario" description="Runs Cucumber Scenarios" data-provider="scenarios" finished-at="2023-06-20T01:27:19 IST" duration-ms="30921" status="PASS">
          <params>
            <param index="0">
              <value>
                <![CDATA["Forgot password link verification"]]>
              </value>
            </param>
            <param index="1">
              <value>
                <![CDATA["Login page validations"]]>
              </value>
            </param>
          </params>
          <reporter-output>
          </reporter-output>
        </test-method> <!-- runScenario -->
        <test-method signature="runScenario(io.cucumber.testng.PickleWrapper,io.cucumber.testng.FeatureWrapper)[pri:0, instance:runners.CucumberRunnerTest@747ddf94]" started-at="2023-06-20T01:26:48 IST" name="runScenario" description="Runs Cucumber Scenarios" data-provider="scenarios" finished-at="2023-06-20T01:27:19 IST" duration-ms="30194" status="PASS">
          <params>
            <param index="0">
              <value>
                <![CDATA["Login to Orange HRM"]]>
              </value>
            </param>
            <param index="1">
              <value>
                <![CDATA["Login page validations"]]>
              </value>
            </param>
          </params>
          <reporter-output>
          </reporter-output>
        </test-method> <!-- runScenario -->
        <test-method is-config="true" signature="tearDownClass()[pri:0, instance:runners.CucumberRunnerTest@747ddf94]" started-at="2023-06-20T01:27:19 IST" name="tearDownClass" finished-at="2023-06-20T01:27:22 IST" duration-ms="2330" status="PASS">
          <reporter-output>
          </reporter-output>
        </test-method> <!-- tearDownClass -->
      </class> <!-- runners.CucumberRunnerTest -->
    </test> <!-- Test -->
  </suite> <!-- Suite -->
</testng-results>
