<?xml version="1.0" encoding="UTF-8"?>
<testsuite xmlns:xsi="http://www.w3.org/2001/XMLSchema-instance" xsi:noNamespaceSchemaLocation="https://maven.apache.org/surefire/maven-surefire-plugin/xsd/surefire-test-report-3.0.xsd" version="3.0" name="TestSuite" time="36.318" tests="2" errors="0" skipped="0" failures="0">
  <properties>
[...]
</properties>
  <testcase name="runScenario[&quot;Login to Orange HRM&quot;, &quot;Login page validations&quot;](1)" classname="runners.CucumberRunnerTest" time="30.2">
    <system-out><![CDATA[...
... TestNG 7.7.1 by Cédric Beust (cedric@beust.com)
...


@LoginFeature @Login
Scenario: Login to Orange HRM                       # scenarios/Login.feature:9

@LoginFeature @ForgotPassword
Scenario: Forgot password link verification       # scenarios/Login.feature:16
Current Thread Name:TestNG-PoolService-0
Current Thread ID:19
Current Thread Name:TestNG-PoolService-1
Current Thread ID:20
  Given User is on login page                       # stepdef.LoginStepDef.user_is_on_login_page()
  When User enters username "Admin"                 # stepdef.LoginStepDef.user_enters_username(java.lang.String)
  And User enters password "admin123"               # stepdef.LoginStepDef.user_enters_password(java.lang.String)
  Given User is on login page                     # stepdef.LoginStepDef.user_is_on_login_page()
  And User clicks on Login button                   # stepdef.LoginStepDef.user_clicks_on_login_button()
  Then User verifies Forgot password link display # stepdef.LoginStepDef.user_verifies_forgot_password_link_display()
  Then User should navigate to Orange HRM home page # stepdef.LoginStepDef.user_should_navigate_to_orange_hrm_home_page()
]]></system-out>
    <system-err><![CDATA[SLF4J: Failed to load class "org.slf4j.impl.StaticLoggerBinder".
SLF4J: Defaulting to no-operation (NOP) logger implementation
SLF4J: See http://www.slf4j.org/codes.html#StaticLoggerBinder for further details.
Jun 20, 2023 1:26:49 AM org.openqa.selenium.remote.service.DriverService$Builder getLogOutput
INFO: Driver logs no longer sent to console by default; https://www.selenium.dev/documentation/webdriver/drivers/service/#setting-log-output
Jun 20, 2023 1:26:49 AM org.openqa.selenium.remote.service.DriverService$Builder getLogOutput
INFO: Driver logs no longer sent to console by default; https://www.selenium.dev/documentation/webdriver/drivers/service/#setting-log-output
]]></system-err>
  </testcase>
  <testcase name="runScenario[&quot;Forgot password link verification&quot;, &quot;Login page validations&quot;](2)" classname="runners.CucumberRunnerTest" time="30.912"/>
</testsuite>