<?xml version="1.0" encoding="UTF-8"?>
<testng-results ignored="0" total="2" passed="2" failed="0" skipped="0">
  <reporter-output>
  </reporter-output>
  <suite started-at="2023-06-20T01:24:35 IST" name="Default suite" finished-at="2023-06-20T01:25:08 IST" duration-ms="32659">
    <groups>
      <group name="cucumber">
        <method signature="AbstractTestNGCucumberTests.runScenario(io.cucumber.testng.PickleWrapper,io.cucumber.testng.FeatureWrapper)[pri:0, instance:runners.CucumberRunnerTest@4d1c005e]" name="runScenario" class="io.cucumber.testng.AbstractTestNGCucumberTests"/>
      </group> <!-- cucumber -->
    </groups>
    <test started-at="2023-06-20T01:24:35 IST" name="Default test" finished-at="2023-06-20T01:25:08 IST" duration-ms="32659">
      <class name="runners.CucumberRunnerTest">
        <test-method is-config="true" signature="setUpClass(org.testng.ITestContext)[pri:0, instance:runners.CucumberRunnerTest@4d1c005e]" started-at="2023-06-20T01:24:35 IST" name="setUpClass" finished-at="2023-06-20T01:24:38 IST" duration-ms="2604" status="PASS">
          <params>
            <param index="0">
              <value>
                <![CDATA[org.testng.TestRunner@20ed3303]]>
              </value>
            </param>
          </params>
          <reporter-output>
          </reporter-output>
        </test-method> <!-- setUpClass -->
        <test-method signature="runScenario(io.cucumber.testng.PickleWrapper,io.cucumber.testng.FeatureWrapper)[pri:0, instance:runners.CucumberRunnerTest@4d1c005e]" started-at="2023-06-20T01:24:38 IST" name="runScenario" description="Runs Cucumber Scenarios" data-provider="scenarios" finished-at="2023-06-20T01:25:00 IST" duration-ms="21986" status="PASS">
          <params>
            <param index="0">
              <value>
                <![CDATA["Forgot password link verification"]]>
              </value>
            </param>
            <param index="1">
              <value>
                <![CDATA["Login page validations"]]>
              </value>
            </param>
          </params>
          <reporter-output>
          </reporter-output>
        </test-method> <!-- runScenario -->
        <test-method signature="runScenario(io.cucumber.testng.PickleWrapper,io.cucumber.testng.FeatureWrapper)[pri:0, instance:runners.CucumberRunnerTest@4d1c005e]" started-at="2023-06-20T01:24:38 IST" name="runScenario" description="Runs Cucumber Scenarios" data-provider="scenarios" finished-at="2023-06-20T01:25:05 IST" duration-ms="27517" status="PASS">
          <params>
            <param index="0">
              <value>
                <![CDATA["Login to Orange HRM"]]>
              </value>
            </param>
            <param index="1">
              <value>
                <![CDATA["Login page validations"]]>
              </value>
            </param>
          </params>
          <reporter-output>
          </reporter-output>
        </test-method> <!-- runScenario -->
        <test-method is-config="true" signature="tearDownClass()[pri:0, instance:runners.CucumberRunnerTest@4d1c005e]" started-at="2023-06-20T01:25:05 IST" name="tearDownClass" finished-at="2023-06-20T01:25:08 IST" duration-ms="2281" status="PASS">
          <reporter-output>
          </reporter-output>
        </test-method> <!-- tearDownClass -->
      </class> <!-- runners.CucumberRunnerTest -->
    </test> <!-- Default test -->
  </suite> <!-- Default suite -->
</testng-results>
